<?xml version="1.0" encoding="UTF-8"?>
<!-- Generated by org.testng.reporters.JUnitReportReporter -->
<testsuite hostname="DESKTOP-4FFSB6U" failures="0" tests="1" name="TestScripts.ToCheckAddAndRemoveFromCart" time="22.948" errors="0" timestamp="2025-07-26T20:30:03 IST" skipped="0">
  <testcase classname="TestScripts.ToCheckAddAndRemoveFromCart" name="checkCart" time="22.948"/>
</testsuite> <!-- TestScripts.ToCheckAddAndRemoveFromCart -->
