<?xml version="1.0" encoding="UTF-8"?>
<!-- Generated by org.testng.reporters.JUnitReportReporter -->
<testsuite hostname="DESKTOP-4FFSB6U" failures="0" tests="5" name="TestScripts.TC001CheckUserCanRegister" time="38.227" errors="0" timestamp="2025-06-23T20:09:49 IST" skipped="0">
  <testcase classname="TestScripts.TC001CheckUserCanRegister" name="register" time="7.867"/>
  <testcase classname="TestScripts.TC001CheckUserCanRegister" name="register" time="7.516"/>
  <testcase classname="TestScripts.TC001CheckUserCanRegister" name="register" time="8.067"/>
  <testcase classname="TestScripts.TC001CheckUserCanRegister" name="register" time="7.501"/>
  <testcase classname="TestScripts.TC001CheckUserCanRegister" name="register" time="7.276"/>
</testsuite> <!-- TestScripts.TC001CheckUserCanRegister -->
