<?xml version="1.0" encoding="UTF-8"?>
<!-- Generated by org.testng.reporters.JUnitReportReporter -->
<testsuite hostname="DESKTOP-4FFSB6U" failures="0" tests="2" name="TestScripts.WishListAction" time="25.415" errors="0" timestamp="2025-06-24T20:44:58 IST" skipped="0">
  <testcase classname="TestScripts.WishListAction" name="wishList" time="13.480"/>
  <testcase classname="TestScripts.WishListAction" name="wishList" time="11.935"/>
</testsuite> <!-- TestScripts.WishListAction -->
